<?xml version="1.0" encoding="UTF-8"?>
<testng-results ignored="0" total="2" passed="2" failed="0" skipped="0">
  <reporter-output>
    <line>
      <![CDATA[valid Login test is passed!!!]]>
    </line>
    <line>
      <![CDATA[- 320.00 USD]]>
    </line>
    <line>
      <![CDATA[- 244.00 USD]]>
    </line>
    <line>
      <![CDATA[+ 17.99 USD]]>
    </line>
    <line>
      <![CDATA[+ 340.00 USD]]>
    </line>
    <line>
      <![CDATA[+ 952.23 USD]]>
    </line>
    <line>
      <![CDATA[+ 1,250.00 USD]]>
    </line>
    <line>
      <![CDATA[test case2 passed!!]]>
    </line>
  </reporter-output>
  <suite started-at="2023-01-17T17:06:03 IST" name="Default suite" finished-at="2023-01-17T17:06:24 IST" duration-ms="21818">
    <groups>
    </groups>
    <test started-at="2023-01-17T17:06:03 IST" name="Default test" finished-at="2023-01-17T17:06:24 IST" duration-ms="21818">
      <class name="wingifyAssignment.TestValidLogIn">
        <test-method is-config="true" signature="setUp()[pri:0, instance:wingifyAssignment.TestValidLogIn@72cde7cc]" started-at="2023-01-17T17:06:03 IST" name="setUp" finished-at="2023-01-17T17:06:08 IST" duration-ms="5051" status="PASS">
          <reporter-output>
          </reporter-output>
        </test-method> <!-- setUp -->
        <test-method signature="testCase1()[pri:0, instance:wingifyAssignment.TestValidLogIn@72cde7cc]" started-at="2023-01-17T17:06:08 IST" name="testCase1" finished-at="2023-01-17T17:06:13 IST" duration-ms="4985" status="PASS">
          <reporter-output>
            <line>
              <![CDATA[valid Login test is passed!!!]]>
            </line>
          </reporter-output>
        </test-method> <!-- testCase1 -->
        <test-method is-config="true" signature="tearDown()[pri:0, instance:wingifyAssignment.TestValidLogIn@72cde7cc]" started-at="2023-01-17T17:06:13 IST" name="tearDown" finished-at="2023-01-17T17:06:13 IST" duration-ms="626" status="PASS">
          <reporter-output>
          </reporter-output>
        </test-method> <!-- tearDown -->
        <test-method is-config="true" signature="setUp()[pri:0, instance:wingifyAssignment.TestValidLogIn@72cde7cc]" started-at="2023-01-17T17:06:13 IST" name="setUp" finished-at="2023-01-17T17:06:16 IST" duration-ms="3151" status="PASS">
          <reporter-output>
          </reporter-output>
        </test-method> <!-- setUp -->
        <test-method signature="testCase2()[pri:0, instance:wingifyAssignment.TestValidLogIn@72cde7cc]" started-at="2023-01-17T17:06:16 IST" name="testCase2" finished-at="2023-01-17T17:06:24 IST" duration-ms="7540" status="PASS">
          <reporter-output>
            <line>
              <![CDATA[- 320.00 USD]]>
            </line>
            <line>
              <![CDATA[- 244.00 USD]]>
            </line>
            <line>
              <![CDATA[+ 17.99 USD]]>
            </line>
            <line>
              <![CDATA[+ 340.00 USD]]>
            </line>
            <line>
              <![CDATA[+ 952.23 USD]]>
            </line>
            <line>
              <![CDATA[+ 1,250.00 USD]]>
            </line>
            <line>
              <![CDATA[test case2 passed!!]]>
            </line>
          </reporter-output>
        </test-method> <!-- testCase2 -->
        <test-method is-config="true" signature="tearDown()[pri:0, instance:wingifyAssignment.TestValidLogIn@72cde7cc]" started-at="2023-01-17T17:06:24 IST" name="tearDown" finished-at="2023-01-17T17:06:24 IST" duration-ms="378" status="PASS">
          <reporter-output>
          </reporter-output>
        </test-method> <!-- tearDown -->
      </class> <!-- wingifyAssignment.TestValidLogIn -->
    </test> <!-- Default test -->
  </suite> <!-- Default suite -->
</testng-results>
